{"/Users/markoblad/v-number-to-words/dist/index.js":{"path":"/Users/markoblad/v-number-to-words/dist/index.js","s":{"1":1,"2":1,"3":1,"4":1,"5":1,"6":1,"7":352,"8":1,"9":17,"10":1,"11":0,"12":1,"13":42,"14":0,"15":42,"16":132,"17":1,"18":4,"19":1,"20":360,"21":0,"22":360,"23":1,"24":25,"25":25,"26":25,"27":25,"28":3,"29":3,"30":3,"31":3,"32":3,"33":3,"34":3,"35":3,"36":3,"37":3,"38":0,"39":25,"40":1,"41":17,"42":17,"43":1,"44":178,"45":23,"46":155,"47":155,"48":155,"49":1,"50":45,"51":45,"52":84,"53":45,"54":1,"55":25,"56":25,"57":25,"58":17,"59":8,"60":25,"61":25,"62":4,"63":25,"64":25,"65":25,"66":25,"67":50,"68":4,"69":46,"70":46,"71":21,"72":46,"73":4,"74":42,"75":42,"76":42,"77":42,"78":42,"79":42,"80":42,"81":42,"82":42,"83":42,"84":42,"85":132,"86":132,"87":132,"88":132,"89":132,"90":2,"91":2,"92":130,"93":2,"94":2,"95":0,"96":0,"97":0,"98":0,"99":2,"100":128,"101":92,"102":128,"103":19,"104":109,"105":87,"106":87,"107":83,"108":132,"109":72,"110":132,"111":42,"112":17,"113":17,"114":25,"115":1},"b":{"1":[17,17],"2":[0,42],"3":[4,0],"4":[0,360],"5":[25,0],"6":[3,22],"7":[0,3],"8":[3,0],"9":[0,0],"10":[17,0],"11":[23,155],"12":[178,178,178,174],"13":[17,8],"14":[4,21],"15":[4,21],"16":[4,21],"17":[4,46],"18":[50,46],"19":[21,25],"20":[46,21],"21":[4,42],"22":[46,25],"23":[0,42],"24":[42,21],"25":[24,18],"26":[21,21],"27":[2,130],"28":[132,69],"29":[2,0],"30":[2,2],"31":[2,128],"32":[130,67],"33":[2,0],"34":[2,2,0],"35":[0,0],"36":[0,0],"37":[0,2],"38":[2,2],"39":[92,36],"40":[19,109],"41":[128,41,31],"42":[87,22],"43":[83,4],"44":[72,60],"45":[132,90],"46":[17,25],"47":[42,21],"48":[0,17],"49":[17,0]},"f":{"1":352,"2":17,"3":0,"4":42,"5":4,"6":360,"7":25,"8":17,"9":178,"10":45,"11":25,"12":50,"13":132},"fnMap":{"1":{"name":"isBlank","line":78,"loc":{"start":{"line":78,"column":0},"end":{"line":78,"column":24}}},"2":{"name":"isNumeric","line":81,"loc":{"start":{"line":81,"column":0},"end":{"line":81,"column":26}}},"3":{"name":"isString","line":84,"loc":{"start":{"line":84,"column":0},"end":{"line":84,"column":25}}},"4":{"name":"eachSlice","line":87,"loc":{"start":{"line":87,"column":0},"end":{"line":87,"column":42}}},"5":{"name":"last","line":93,"loc":{"start":{"line":93,"column":0},"end":{"line":93,"column":21}}},"6":{"name":"makeString","line":96,"loc":{"start":{"line":96,"column":0},"end":{"line":96,"column":27}}},"7":{"name":"numberToNonExponentString","line":101,"loc":{"start":{"line":101,"column":0},"end":{"line":101,"column":42}}},"8":{"name":"parseBigOrZero","line":123,"loc":{"start":{"line":123,"column":0},"end":{"line":123,"column":31}}},"9":{"name":"parseZeroPaddedInt","line":129,"loc":{"start":{"line":129,"column":0},"end":{"line":129,"column":35}}},"10":{"name":"repeat","line":137,"loc":{"start":{"line":137,"column":0},"end":{"line":137,"column":28}}},"11":{"name":"numberToWords","line":144,"loc":{"start":{"line":144,"column":0},"end":{"line":144,"column":30}}},"12":{"name":"(anonymous_12)","line":160,"loc":{"start":{"line":160,"column":42},"end":{"line":160,"column":81}}},"13":{"name":"(anonymous_13)","line":182,"loc":{"start":{"line":182,"column":42},"end":{"line":182,"column":65}}}},"statementMap":{"1":{"start":{"line":2,"column":0},"end":{"line":2,"column":62}},"2":{"start":{"line":3,"column":0},"end":{"line":3,"column":31}},"3":{"start":{"line":4,"column":0},"end":{"line":25,"column":2}},"4":{"start":{"line":26,"column":0},"end":{"line":35,"column":2}},"5":{"start":{"line":36,"column":0},"end":{"line":77,"column":2}},"6":{"start":{"line":78,"column":0},"end":{"line":80,"column":1}},"7":{"start":{"line":79,"column":4},"end":{"line":79,"column":45}},"8":{"start":{"line":81,"column":0},"end":{"line":83,"column":1}},"9":{"start":{"line":82,"column":4},"end":{"line":82,"column":56}},"10":{"start":{"line":84,"column":0},"end":{"line":86,"column":1}},"11":{"start":{"line":85,"column":4},"end":{"line":85,"column":41}},"12":{"start":{"line":87,"column":0},"end":{"line":92,"column":1}},"13":{"start":{"line":88,"column":4},"end":{"line":88,"column":38}},"14":{"start":{"line":88,"column":27},"end":{"line":88,"column":36}},"15":{"start":{"line":89,"column":4},"end":{"line":91,"column":5}},"16":{"start":{"line":90,"column":8},"end":{"line":90,"column":43}},"17":{"start":{"line":93,"column":0},"end":{"line":95,"column":1}},"18":{"start":{"line":94,"column":4},"end":{"line":94,"column":55}},"19":{"start":{"line":96,"column":0},"end":{"line":100,"column":1}},"20":{"start":{"line":97,"column":4},"end":{"line":98,"column":18}},"21":{"start":{"line":98,"column":8},"end":{"line":98,"column":18}},"22":{"start":{"line":99,"column":4},"end":{"line":99,"column":22}},"23":{"start":{"line":101,"column":0},"end":{"line":122,"column":1}},"24":{"start":{"line":102,"column":4},"end":{"line":102,"column":11}},"25":{"start":{"line":103,"column":4},"end":{"line":103,"column":38}},"26":{"start":{"line":104,"column":4},"end":{"line":104,"column":54}},"27":{"start":{"line":105,"column":4},"end":{"line":120,"column":5}},"28":{"start":{"line":106,"column":8},"end":{"line":106,"column":64}},"29":{"start":{"line":107,"column":8},"end":{"line":107,"column":81}},"30":{"start":{"line":108,"column":8},"end":{"line":108,"column":56}},"31":{"start":{"line":109,"column":8},"end":{"line":109,"column":57}},"32":{"start":{"line":110,"column":8},"end":{"line":110,"column":71}},"33":{"start":{"line":111,"column":8},"end":{"line":111,"column":50}},"34":{"start":{"line":112,"column":8},"end":{"line":112,"column":100}},"35":{"start":{"line":113,"column":8},"end":{"line":113,"column":60}},"36":{"start":{"line":114,"column":8},"end":{"line":119,"column":9}},"37":{"start":{"line":115,"column":12},"end":{"line":115,"column":82}},"38":{"start":{"line":118,"column":12},"end":{"line":118,"column":124}},"39":{"start":{"line":121,"column":4},"end":{"line":121,"column":15}},"40":{"start":{"line":123,"column":0},"end":{"line":128,"column":1}},"41":{"start":{"line":125,"column":4},"end":{"line":125,"column":66}},"42":{"start":{"line":127,"column":4},"end":{"line":127,"column":18}},"43":{"start":{"line":129,"column":0},"end":{"line":136,"column":1}},"44":{"start":{"line":130,"column":4},"end":{"line":132,"column":5}},"45":{"start":{"line":131,"column":8},"end":{"line":131,"column":17}},"46":{"start":{"line":133,"column":4},"end":{"line":133,"column":29}},"47":{"start":{"line":134,"column":4},"end":{"line":134,"column":50}},"48":{"start":{"line":135,"column":4},"end":{"line":135,"column":70}},"49":{"start":{"line":137,"column":0},"end":{"line":143,"column":1}},"50":{"start":{"line":138,"column":4},"end":{"line":138,"column":26}},"51":{"start":{"line":139,"column":4},"end":{"line":141,"column":5}},"52":{"start":{"line":140,"column":8},"end":{"line":140,"column":22}},"53":{"start":{"line":142,"column":4},"end":{"line":142,"column":18}},"54":{"start":{"line":144,"column":0},"end":{"line":231,"column":1}},"55":{"start":{"line":145,"column":4},"end":{"line":145,"column":11}},"56":{"start":{"line":146,"column":4},"end":{"line":146,"column":87}},"57":{"start":{"line":147,"column":4},"end":{"line":152,"column":5}},"58":{"start":{"line":148,"column":8},"end":{"line":148,"column":70}},"59":{"start":{"line":151,"column":8},"end":{"line":151,"column":116}},"60":{"start":{"line":153,"column":4},"end":{"line":153,"column":47}},"61":{"start":{"line":154,"column":4},"end":{"line":156,"column":5}},"62":{"start":{"line":155,"column":8},"end":{"line":155,"column":37}},"63":{"start":{"line":157,"column":4},"end":{"line":157,"column":72}},"64":{"start":{"line":158,"column":4},"end":{"line":158,"column":96}},"65":{"start":{"line":159,"column":4},"end":{"line":159,"column":56}},"66":{"start":{"line":160,"column":4},"end":{"line":229,"column":7}},"67":{"start":{"line":161,"column":8},"end":{"line":162,"column":19}},"68":{"start":{"line":162,"column":12},"end":{"line":162,"column":19}},"69":{"start":{"line":163,"column":8},"end":{"line":163,"column":53}},"70":{"start":{"line":164,"column":8},"end":{"line":165,"column":30}},"71":{"start":{"line":165,"column":12},"end":{"line":165,"column":30}},"72":{"start":{"line":166,"column":8},"end":{"line":228,"column":9}},"73":{"start":{"line":167,"column":12},"end":{"line":167,"column":31}},"74":{"start":{"line":169,"column":13},"end":{"line":228,"column":9}},"75":{"start":{"line":173,"column":12},"end":{"line":173,"column":27}},"76":{"start":{"line":174,"column":12},"end":{"line":174,"column":65}},"77":{"start":{"line":175,"column":12},"end":{"line":175,"column":98}},"78":{"start":{"line":176,"column":12},"end":{"line":176,"column":54}},"79":{"start":{"line":177,"column":12},"end":{"line":177,"column":90}},"80":{"start":{"line":178,"column":12},"end":{"line":178,"column":28}},"81":{"start":{"line":179,"column":12},"end":{"line":179,"column":63}},"82":{"start":{"line":180,"column":12},"end":{"line":180,"column":45}},"83":{"start":{"line":181,"column":12},"end":{"line":181,"column":55}},"84":{"start":{"line":182,"column":12},"end":{"line":222,"column":15}},"85":{"start":{"line":183,"column":16},"end":{"line":183,"column":70}},"86":{"start":{"line":184,"column":16},"end":{"line":184,"column":56}},"87":{"start":{"line":185,"column":16},"end":{"line":185,"column":72}},"88":{"start":{"line":186,"column":16},"end":{"line":186,"column":81}},"89":{"start":{"line":188,"column":16},"end":{"line":217,"column":17}},"90":{"start":{"line":189,"column":20},"end":{"line":189,"column":63}},"91":{"start":{"line":190,"column":20},"end":{"line":191,"column":44}},"92":{"start":{"line":193,"column":21},"end":{"line":217,"column":17}},"93":{"start":{"line":194,"column":20},"end":{"line":201,"column":21}},"94":{"start":{"line":195,"column":24},"end":{"line":195,"column":79}},"95":{"start":{"line":197,"column":25},"end":{"line":201,"column":21}},"96":{"start":{"line":198,"column":24},"end":{"line":198,"column":72}},"97":{"start":{"line":199,"column":24},"end":{"line":200,"column":67}},"98":{"start":{"line":200,"column":28},"end":{"line":200,"column":67}},"99":{"start":{"line":202,"column":20},"end":{"line":203,"column":58}},"100":{"start":{"line":206,"column":20},"end":{"line":208,"column":21}},"101":{"start":{"line":207,"column":24},"end":{"line":207,"column":78}},"102":{"start":{"line":209,"column":20},"end":{"line":216,"column":21}},"103":{"start":{"line":210,"column":24},"end":{"line":210,"column":75}},"104":{"start":{"line":212,"column":25},"end":{"line":216,"column":21}},"105":{"start":{"line":213,"column":24},"end":{"line":213,"column":68}},"106":{"start":{"line":214,"column":24},"end":{"line":215,"column":67}},"107":{"start":{"line":215,"column":28},"end":{"line":215,"column":67}},"108":{"start":{"line":218,"column":16},"end":{"line":220,"column":17}},"109":{"start":{"line":219,"column":20},"end":{"line":219,"column":69}},"110":{"start":{"line":221,"column":16},"end":{"line":221,"column":29}},"111":{"start":{"line":223,"column":12},"end":{"line":227,"column":13}},"112":{"start":{"line":224,"column":16},"end":{"line":224,"column":76}},"113":{"start":{"line":225,"column":16},"end":{"line":226,"column":99}},"114":{"start":{"line":230,"column":4},"end":{"line":230,"column":34}},"115":{"start":{"line":232,"column":0},"end":{"line":232,"column":38}}},"branchMap":{"1":{"line":82,"type":"binary-expr","locations":[{"start":{"line":82,"column":11},"end":{"line":82,"column":36}},{"start":{"line":82,"column":40},"end":{"line":82,"column":55}}]},"2":{"line":88,"type":"if","locations":[{"start":{"line":88,"column":4},"end":{"line":88,"column":4}},{"start":{"line":88,"column":4},"end":{"line":88,"column":4}}]},"3":{"line":94,"type":"cond-expr","locations":[{"start":{"line":94,"column":19},"end":{"line":94,"column":42}},{"start":{"line":94,"column":45},"end":{"line":94,"column":54}}]},"4":{"line":97,"type":"if","locations":[{"start":{"line":97,"column":4},"end":{"line":97,"column":4}},{"start":{"line":97,"column":4},"end":{"line":97,"column":4}}]},"5":{"line":103,"type":"binary-expr","locations":[{"start":{"line":103,"column":15},"end":{"line":103,"column":20}},{"start":{"line":103,"column":24},"end":{"line":103,"column":25}}]},"6":{"line":105,"type":"if","locations":[{"start":{"line":105,"column":4},"end":{"line":105,"column":4}},{"start":{"line":105,"column":4},"end":{"line":105,"column":4}}]},"7":{"line":112,"type":"cond-expr","locations":[{"start":{"line":112,"column":92},"end":{"line":112,"column":94}},{"start":{"line":112,"column":97},"end":{"line":112,"column":99}}]},"8":{"line":114,"type":"if","locations":[{"start":{"line":114,"column":8},"end":{"line":114,"column":8}},{"start":{"line":114,"column":8},"end":{"line":114,"column":8}}]},"9":{"line":118,"type":"cond-expr","locations":[{"start":{"line":118,"column":41},"end":{"line":118,"column":43}},{"start":{"line":118,"column":46},"end":{"line":118,"column":57}}]},"10":{"line":125,"type":"cond-expr","locations":[{"start":{"line":125,"column":53},"end":{"line":125,"column":58}},{"start":{"line":125,"column":61},"end":{"line":125,"column":64}}]},"11":{"line":130,"type":"if","locations":[{"start":{"line":130,"column":4},"end":{"line":130,"column":4}},{"start":{"line":130,"column":4},"end":{"line":130,"column":4}}]},"12":{"line":130,"type":"binary-expr","locations":[{"start":{"line":130,"column":8},"end":{"line":130,"column":22}},{"start":{"line":130,"column":26},"end":{"line":130,"column":37}},{"start":{"line":130,"column":41},"end":{"line":130,"column":54}},{"start":{"line":130,"column":58},"end":{"line":130,"column":101}}]},"13":{"line":147,"type":"if","locations":[{"start":{"line":147,"column":4},"end":{"line":147,"column":4}},{"start":{"line":147,"column":4},"end":{"line":147,"column":4}}]},"14":{"line":153,"type":"cond-expr","locations":[{"start":{"line":153,"column":30},"end":{"line":153,"column":41}},{"start":{"line":153,"column":44},"end":{"line":153,"column":46}}]},"15":{"line":154,"type":"if","locations":[{"start":{"line":154,"column":4},"end":{"line":154,"column":4}},{"start":{"line":154,"column":4},"end":{"line":154,"column":4}}]},"16":{"line":158,"type":"cond-expr","locations":[{"start":{"line":158,"column":88},"end":{"line":158,"column":90}},{"start":{"line":158,"column":93},"end":{"line":158,"column":95}}]},"17":{"line":161,"type":"if","locations":[{"start":{"line":161,"column":8},"end":{"line":161,"column":8}},{"start":{"line":161,"column":8},"end":{"line":161,"column":8}}]},"18":{"line":161,"type":"binary-expr","locations":[{"start":{"line":161,"column":12},"end":{"line":161,"column":23}},{"start":{"line":161,"column":27},"end":{"line":161,"column":50}}]},"19":{"line":164,"type":"if","locations":[{"start":{"line":164,"column":8},"end":{"line":164,"column":8}},{"start":{"line":164,"column":8},"end":{"line":164,"column":8}}]},"20":{"line":164,"type":"binary-expr","locations":[{"start":{"line":164,"column":12},"end":{"line":164,"column":28}},{"start":{"line":164,"column":32},"end":{"line":164,"column":57}}]},"21":{"line":166,"type":"if","locations":[{"start":{"line":166,"column":8},"end":{"line":166,"column":8}},{"start":{"line":166,"column":8},"end":{"line":166,"column":8}}]},"22":{"line":166,"type":"binary-expr","locations":[{"start":{"line":166,"column":12},"end":{"line":166,"column":29}},{"start":{"line":166,"column":33},"end":{"line":166,"column":69}}]},"23":{"line":169,"type":"if","locations":[{"start":{"line":169,"column":13},"end":{"line":169,"column":13}},{"start":{"line":169,"column":13},"end":{"line":169,"column":13}}]},"24":{"line":169,"type":"binary-expr","locations":[{"start":{"line":169,"column":17},"end":{"line":169,"column":33}},{"start":{"line":169,"column":37},"end":{"line":169,"column":73}}]},"25":{"line":175,"type":"cond-expr","locations":[{"start":{"line":175,"column":64},"end":{"line":175,"column":65}},{"start":{"line":175,"column":68},"end":{"line":175,"column":96}}]},"26":{"line":177,"type":"cond-expr","locations":[{"start":{"line":177,"column":46},"end":{"line":177,"column":64}},{"start":{"line":177,"column":69},"end":{"line":177,"column":87}}]},"27":{"line":188,"type":"if","locations":[{"start":{"line":188,"column":16},"end":{"line":188,"column":16}},{"start":{"line":188,"column":16},"end":{"line":188,"column":16}}]},"28":{"line":188,"type":"binary-expr","locations":[{"start":{"line":188,"column":20},"end":{"line":188,"column":36}},{"start":{"line":188,"column":40},"end":{"line":188,"column":67}}]},"29":{"line":190,"type":"cond-expr","locations":[{"start":{"line":191,"column":24},"end":{"line":191,"column":31}},{"start":{"line":191,"column":34},"end":{"line":191,"column":42}}]},"30":{"line":190,"type":"binary-expr","locations":[{"start":{"line":190,"column":32},"end":{"line":190,"column":65}},{"start":{"line":190,"column":69},"end":{"line":190,"column":90}}]},"31":{"line":193,"type":"if","locations":[{"start":{"line":193,"column":21},"end":{"line":193,"column":21}},{"start":{"line":193,"column":21},"end":{"line":193,"column":21}}]},"32":{"line":193,"type":"binary-expr","locations":[{"start":{"line":193,"column":25},"end":{"line":193,"column":41}},{"start":{"line":193,"column":45},"end":{"line":193,"column":72}}]},"33":{"line":194,"type":"if","locations":[{"start":{"line":194,"column":20},"end":{"line":194,"column":20}},{"start":{"line":194,"column":20},"end":{"line":194,"column":20}}]},"34":{"line":194,"type":"binary-expr","locations":[{"start":{"line":194,"column":24},"end":{"line":194,"column":36}},{"start":{"line":194,"column":41},"end":{"line":194,"column":53}},{"start":{"line":194,"column":57},"end":{"line":194,"column":65}}]},"35":{"line":197,"type":"if","locations":[{"start":{"line":197,"column":25},"end":{"line":197,"column":25}},{"start":{"line":197,"column":25},"end":{"line":197,"column":25}}]},"36":{"line":199,"type":"if","locations":[{"start":{"line":199,"column":24},"end":{"line":199,"column":24}},{"start":{"line":199,"column":24},"end":{"line":199,"column":24}}]},"37":{"line":202,"type":"cond-expr","locations":[{"start":{"line":203,"column":24},"end":{"line":203,"column":38}},{"start":{"line":203,"column":41},"end":{"line":203,"column":56}}]},"38":{"line":202,"type":"binary-expr","locations":[{"start":{"line":202,"column":32},"end":{"line":202,"column":65}},{"start":{"line":202,"column":69},"end":{"line":202,"column":90}}]},"39":{"line":206,"type":"if","locations":[{"start":{"line":206,"column":20},"end":{"line":206,"column":20}},{"start":{"line":206,"column":20},"end":{"line":206,"column":20}}]},"40":{"line":209,"type":"if","locations":[{"start":{"line":209,"column":20},"end":{"line":209,"column":20}},{"start":{"line":209,"column":20},"end":{"line":209,"column":20}}]},"41":{"line":209,"type":"binary-expr","locations":[{"start":{"line":209,"column":24},"end":{"line":209,"column":32}},{"start":{"line":209,"column":37},"end":{"line":209,"column":45}},{"start":{"line":209,"column":49},"end":{"line":209,"column":57}}]},"42":{"line":212,"type":"if","locations":[{"start":{"line":212,"column":25},"end":{"line":212,"column":25}},{"start":{"line":212,"column":25},"end":{"line":212,"column":25}}]},"43":{"line":214,"type":"if","locations":[{"start":{"line":214,"column":24},"end":{"line":214,"column":24}},{"start":{"line":214,"column":24},"end":{"line":214,"column":24}}]},"44":{"line":218,"type":"if","locations":[{"start":{"line":218,"column":16},"end":{"line":218,"column":16}},{"start":{"line":218,"column":16},"end":{"line":218,"column":16}}]},"45":{"line":218,"type":"binary-expr","locations":[{"start":{"line":218,"column":23},"end":{"line":218,"column":46}},{"start":{"line":218,"column":52},"end":{"line":218,"column":64}}]},"46":{"line":223,"type":"if","locations":[{"start":{"line":223,"column":12},"end":{"line":223,"column":12}},{"start":{"line":223,"column":12},"end":{"line":223,"column":12}}]},"47":{"line":223,"type":"binary-expr","locations":[{"start":{"line":223,"column":16},"end":{"line":223,"column":32}},{"start":{"line":223,"column":36},"end":{"line":223,"column":61}}]},"48":{"line":226,"type":"cond-expr","locations":[{"start":{"line":226,"column":84},"end":{"line":226,"column":88}},{"start":{"line":226,"column":91},"end":{"line":226,"column":96}}]},"49":{"line":226,"type":"binary-expr","locations":[{"start":{"line":226,"column":22},"end":{"line":226,"column":55}},{"start":{"line":226,"column":59},"end":{"line":226,"column":80}}]}}}}