TN:
SF:/Users/markoblad/v-number-to-words/dist/index.js
FN:78,isBlank
FN:81,isNumeric
FN:84,isString
FN:87,eachSlice
FN:93,last
FN:96,makeString
FN:101,numberToNonExponentString
FN:123,parseBigOrZero
FN:129,parseZeroPaddedInt
FN:137,repeat
FN:144,numberToWords
FN:160,(anonymous_12)
FN:182,(anonymous_13)
FNF:13
FNH:12
FNDA:352,isBlank
FNDA:17,isNumeric
FNDA:0,isString
FNDA:42,eachSlice
FNDA:4,last
FNDA:360,makeString
FNDA:25,numberToNonExponentString
FNDA:17,parseBigOrZero
FNDA:178,parseZeroPaddedInt
FNDA:45,repeat
FNDA:25,numberToWords
FNDA:50,(anonymous_12)
FNDA:132,(anonymous_13)
DA:2,1
DA:3,1
DA:4,1
DA:26,1
DA:36,1
DA:78,1
DA:79,352
DA:81,1
DA:82,17
DA:84,1
DA:85,0
DA:87,1
DA:88,42
DA:89,42
DA:90,132
DA:93,1
DA:94,4
DA:96,1
DA:97,360
DA:98,0
DA:99,360
DA:101,1
DA:102,25
DA:103,25
DA:104,25
DA:105,25
DA:106,3
DA:107,3
DA:108,3
DA:109,3
DA:110,3
DA:111,3
DA:112,3
DA:113,3
DA:114,3
DA:115,3
DA:118,0
DA:121,25
DA:123,1
DA:125,17
DA:127,17
DA:129,1
DA:130,178
DA:131,23
DA:133,155
DA:134,155
DA:135,155
DA:137,1
DA:138,45
DA:139,45
DA:140,84
DA:142,45
DA:144,1
DA:145,25
DA:146,25
DA:147,25
DA:148,17
DA:151,8
DA:153,25
DA:154,25
DA:155,4
DA:157,25
DA:158,25
DA:159,25
DA:160,25
DA:161,50
DA:162,4
DA:163,46
DA:164,46
DA:165,21
DA:166,46
DA:167,4
DA:169,42
DA:173,42
DA:174,42
DA:175,42
DA:176,42
DA:177,42
DA:178,42
DA:179,42
DA:180,42
DA:181,42
DA:182,42
DA:183,132
DA:184,132
DA:185,132
DA:186,132
DA:188,132
DA:189,2
DA:190,2
DA:193,130
DA:194,2
DA:195,2
DA:197,0
DA:198,0
DA:199,0
DA:200,0
DA:202,2
DA:206,128
DA:207,92
DA:209,128
DA:210,19
DA:212,109
DA:213,87
DA:214,87
DA:215,83
DA:218,132
DA:219,72
DA:221,132
DA:223,42
DA:224,17
DA:225,17
DA:230,25
DA:232,1
LF:114
LH:107
BRDA:82,1,0,17
BRDA:82,1,1,17
BRDA:88,2,0,0
BRDA:88,2,1,42
BRDA:94,3,0,4
BRDA:94,3,1,0
BRDA:97,4,0,0
BRDA:97,4,1,360
BRDA:103,5,0,25
BRDA:103,5,1,0
BRDA:105,6,0,3
BRDA:105,6,1,22
BRDA:112,7,0,0
BRDA:112,7,1,3
BRDA:114,8,0,3
BRDA:114,8,1,0
BRDA:118,9,0,0
BRDA:118,9,1,0
BRDA:125,10,0,17
BRDA:125,10,1,0
BRDA:130,11,0,23
BRDA:130,11,1,155
BRDA:130,12,0,178
BRDA:130,12,1,178
BRDA:130,12,2,178
BRDA:130,12,3,174
BRDA:147,13,0,17
BRDA:147,13,1,8
BRDA:153,14,0,4
BRDA:153,14,1,21
BRDA:154,15,0,4
BRDA:154,15,1,21
BRDA:158,16,0,4
BRDA:158,16,1,21
BRDA:161,17,0,4
BRDA:161,17,1,46
BRDA:161,18,0,50
BRDA:161,18,1,46
BRDA:164,19,0,21
BRDA:164,19,1,25
BRDA:164,20,0,46
BRDA:164,20,1,21
BRDA:166,21,0,4
BRDA:166,21,1,42
BRDA:166,22,0,46
BRDA:166,22,1,25
BRDA:169,23,0,0
BRDA:169,23,1,42
BRDA:169,24,0,42
BRDA:169,24,1,21
BRDA:175,25,0,24
BRDA:175,25,1,18
BRDA:177,26,0,21
BRDA:177,26,1,21
BRDA:188,27,0,2
BRDA:188,27,1,130
BRDA:188,28,0,132
BRDA:188,28,1,69
BRDA:190,29,0,2
BRDA:190,29,1,0
BRDA:190,30,0,2
BRDA:190,30,1,2
BRDA:193,31,0,2
BRDA:193,31,1,128
BRDA:193,32,0,130
BRDA:193,32,1,67
BRDA:194,33,0,2
BRDA:194,33,1,0
BRDA:194,34,0,2
BRDA:194,34,1,2
BRDA:194,34,2,0
BRDA:197,35,0,0
BRDA:197,35,1,0
BRDA:199,36,0,0
BRDA:199,36,1,0
BRDA:202,37,0,0
BRDA:202,37,1,2
BRDA:202,38,0,2
BRDA:202,38,1,2
BRDA:206,39,0,92
BRDA:206,39,1,36
BRDA:209,40,0,19
BRDA:209,40,1,109
BRDA:209,41,0,128
BRDA:209,41,1,41
BRDA:209,41,2,31
BRDA:212,42,0,87
BRDA:212,42,1,22
BRDA:214,43,0,83
BRDA:214,43,1,4
BRDA:218,44,0,72
BRDA:218,44,1,60
BRDA:218,45,0,132
BRDA:218,45,1,90
BRDA:223,46,0,17
BRDA:223,46,1,25
BRDA:223,47,0,42
BRDA:223,47,1,21
BRDA:226,48,0,0
BRDA:226,48,1,17
BRDA:226,49,0,17
BRDA:226,49,1,0
BRF:102
BRH:82
end_of_record
